<?xml version="1.0" encoding="UTF-8"?>
<!-- Generated by org.testng.reporters.JUnitReportReporter -->
<testsuite skipped="0" hostname="DESKTOP-8T676KP" name="com.amazon.addToCart.SelectingLowestPriceBook" tests="1" failures="0" timestamp="2020-09-03T03:57:51 IST" time="31.297" errors="0">
  <testcase name="addingProduct" time="31.297" classname="com.amazon.addToCart.SelectingLowestPriceBook"/>
  <system-out>
addingProduct method started Page Title is displayed Search Page Title  is displayed Product page title  is displayed Cart page title is displayed addingProduct method passed  </system-out>
</testsuite> <!-- com.amazon.addToCart.SelectingLowestPriceBook -->
